◇ injected env (16) from .env // tip: ⌘ multiple files { path: ['.env.local', '.env'] }
FCM Setup Warning: No serviceAccountKey.json found and FIREBASE_SERVICE_ACCOUNT env var is missing. Push notifications will be disabled.
Server started on port 5000 (accessible on all interfaces)
MongoDB Connected: ac-xl2tjl8-shard-00-00.ptadmaj.mongodb.net
GET /api/config
GET /api/config
GET /api/config
GET /api/public/announcements?target=landing
GET /api/public/announcements?target=landing
GET /api/config
GET /api/config
GET /api/config
GET /api/config
GET /api/config
GET /api/config
GET /api/config
GET /api/config
GET /api/config
GET /api/config
GET /api/public/announcements?target=landing
GET /api/public/announcements?target=landing
GET /api/config
GET /api/config
GET /api/config
GET /api/config
GET /api/config
GET /api/public/announcements?target=landing
GET /api/public/announcements?target=landing
GET /api/config
GET /api/config
GET /api/config
GET /api/config
GET /api/config
GET /api/users
GET /api/admin/loans/all
GET /api/admin/investments/all
GET /api/admin/leads/all
GET /api/admin/announcements/all
GET /api/admin/loans/all
GET /api/users
GET /api/admin/investments/all
GET /api/admin/leads/all
GET /api/admin/announcements/all
GET /api/config
GET /api/config
GET /api/config
GET /api/config
GET /api/config
GET /api/users
GET /api/admin/loans/all
GET /api/users
GET /api/admin/loans/all
GET /api/admin/investments/all
GET /api/admin/leads/all
GET /api/admin/announcements/all
GET /api/admin/investments/all
GET /api/admin/leads/all
GET /api/admin/announcements/all
GET /api/config
GET /api/config
GET /api/config
GET /api/config
GET /api/config
GET /api/users
GET /api/admin/loans/all
GET /api/admin/investments/all
GET /api/admin/leads/all
GET /api/admin/announcements/all
GET /api/users
GET /api/admin/loans/all
GET /api/admin/investments/all
GET /api/admin/leads/all
GET /api/admin/announcements/all
GET /api/config
GET /api/config
GET /api/config
GET /api/config
GET /api/config
GET /api/users
GET /api/users
GET /api/admin/loans/all
GET /api/admin/investments/all
GET /api/admin/leads/all
GET /api/admin/announcements/all
GET /api/admin/loans/all
GET /api/admin/investments/all
GET /api/admin/leads/all
GET /api/admin/announcements/all
GET /api/config
GET /api/config
GET /api/config
GET /api/config
GET /api/config
GET /api/users
GET /api/admin/loans/all
GET /api/admin/investments/all
GET /api/admin/leads/all
GET /api/admin/announcements/all
GET /api/users
GET /api/admin/loans/all
GET /api/admin/investments/all
GET /api/admin/leads/all
GET /api/admin/announcements/all
GET /api/config
GET /api/config
GET /api/config
GET /api/config
GET /api/config
GET /api/users
GET /api/admin/loans/all
GET /api/admin/investments/all
GET /api/admin/leads/all
GET /api/admin/announcements/all
GET /api/users
GET /api/admin/loans/all
GET /api/admin/investments/all
GET /api/admin/leads/all
GET /api/admin/announcements/all
GET /api/config
GET /api/config
GET /api/config
GET /api/config
GET /api/users
GET /api/admin/loans/all
GET /api/admin/investments/all
GET /api/admin/loans/all
GET /api/admin/leads/all
GET /api/admin/announcements/all
GET /api/users
GET /api/admin/investments/all
GET /api/config
GET /api/admin/leads/all
GET /api/admin/announcements/all
GET /api/config
GET /api/config
GET /api/config
GET /api/config
GET /api/config
GET /api/users
GET /api/admin/loans/all
GET /api/admin/investments/all
GET /api/admin/leads/all
GET /api/admin/announcements/all
GET /api/users
GET /api/admin/loans/all
GET /api/admin/investments/all
GET /api/admin/leads/all
GET /api/admin/announcements/all
GET /api/config
GET /api/config
GET /api/config
GET /api/config
GET /api/config
GET /api/config
GET /api/config
GET /api/config
GET /api/config
GET /api/config
POST /api/auth/login
GET /api/config
GET /api/config
GET /api/config
GET /api/config
GET /api/config
GET /api/config
GET /api/config
GET /api/config
GET /api/config
GET /api/config
POST /api/auth/login
POST /api/auth/login
POST /api/auth/login
POST /api/auth/login
GET /api/config
GET /api/config
GET /api/config
GET /api/config
GET /api/config
POST /api/auth/login
GET /api/config
GET /api/config
GET /api/config
GET /api/config
GET /api/config
GET /api/config
GET /api/config
GET /api/config
GET /api/config
GET /api/config
POST /api/auth/login
GET /api/config
GET /api/config
GET /api/config
GET /api/config
GET /api/config
GET /api/config
GET /api/config
GET /api/config
GET /api/config
GET /api/config
POST /api/auth/login
POST /api/auth/login
GET /api/public/announcements?target=landing
GET /api/config
GET /api/public/announcements?target=landing
GET /api/config
GET /api/config
GET /api/config
GET /api/public/announcements?target=landing
GET /api/public/announcements?target=landing
GET /api/config
GET /api/config
GET /api/config
GET /api/config
GET /api/config
GET /api/users
GET /api/admin/loans/all
GET /api/admin/investments/all
GET /api/admin/leads/all
GET /api/admin/announcements/all
GET /api/config
GET /api/users
GET /api/admin/leads/all
GET /api/admin/loans/all
GET /api/admin/investments/all
GET /api/config
GET /api/config
GET /api/admin/announcements/all
POST /api/admin/investments
GET /api/users
GET /api/admin/loans/all
GET /api/admin/investments/all
GET /api/admin/announcements/all
GET /api/admin/leads/all
GET /api/config
Email sent: <ac3a14cf-0b87-5051-de1e-0f937d165644@dawncapital.online> to bhaskarjyotisaikia780@gmail.com
GET /api/config
GET /api/config
GET /api/public/announcements?target=landing
GET /api/public/announcements?target=landing
GET /api/config
GET /api/config
GET /api/config
GET /api/me
GET /api/portfolio
GET /api/me/notifications
POST /api/auth/login
GET /api/me
GET /api/config
GET /api/portfolio
GET /api/me/notifications
GET /api/me
GET /api/me/notifications
GET /api/portfolio
GET /api/portfolio
POST /api/me/loans
GET /api/portfolio
Email sent: <44003cd8-c176-7f2e-bd22-a108620585d7@dawncapital.online> to bhaskarjyotisaikia780@gmail.com
GET /api/config
GET /api/config
GET /api/config
GET /api/config
GET /api/config
GET /api/users
GET /api/admin/leads/all
GET /api/admin/announcements/all
GET /api/admin/loans/all
GET /api/admin/investments/all
GET /api/config
GET /api/admin/leads/all
GET /api/admin/announcements/all
GET /api/users
GET /api/admin/investments/all
GET /api/admin/loans/all
GET /api/config
GET /api/config
GET /api/config
PUT /api/admin/loans/6a0c4393853c86024d82a2d1/status
(node:10680) [MONGOOSE] Warning: mongoose: the `new` option for `findOneAndUpdate()` and `findOneAndReplace()` is deprecated. Use `returnDocument: 'after'` instead.
(Use `node --trace-warnings ...` to show where the warning was created)
GET /api/users
GET /api/admin/loans/all
GET /api/admin/investments/all
GET /api/admin/leads/all
GET /api/config
GET /api/admin/announcements/all
GET /api/config
Email sent: <4d1d82b3-888c-12c8-2d72-5b0c95e29164@dawncapital.online> to bhaskarjyotisaikia780@gmail.com
GET /api/config
GET /api/config
GET /api/users
GET /api/admin/loans/all
GET /api/admin/investments/all
GET /api/admin/leads/all
GET /api/admin/announcements/all
GET /api/config
GET /api/users
GET /api/admin/announcements/all
GET /api/admin/leads/all
GET /api/admin/investments/all
GET /api/admin/loans/all
GET /api/config
GET /api/config
GET /api/config
GET /api/me
GET /api/config
GET /api/me/notifications
GET /api/portfolio
GET /api/portfolio
GET /api/me/notifications
GET /api/me
GET /api/portfolio
GET /api/config
